<?xml version="1.0" encoding="UTF-8"?>
<coverage generated="1758542924506" clover="3.2.0">
  <project timestamp="1758542924506" name="All files">
    <metrics statements="53" coveredstatements="32" conditionals="16" coveredconditionals="10" methods="22" coveredmethods="11" elements="91" coveredelements="53" complexity="0" loc="53" ncloc="53" packages="2" files="6" classes="6"/>
    <package name="src">
      <metrics statements="12" coveredstatements="1" conditionals="4" coveredconditionals="0" methods="3" coveredmethods="1"/>
      <file name="App.tsx" path="/home/runner/work/code-coverage-analysis/code-coverage-analysis/src/App.tsx">
        <metrics statements="1" coveredstatements="1" conditionals="0" coveredconditionals="0" methods="1" coveredmethods="1"/>
        <line num="9" count="5" type="stmt"/>
      </file>
      <file name="index.tsx" path="/home/runner/work/code-coverage-analysis/code-coverage-analysis/src/index.tsx">
        <metrics statements="3" coveredstatements="0" conditionals="0" coveredconditionals="0" methods="0" coveredmethods="0"/>
        <line num="7" count="0" type="stmt"/>
        <line num="10" count="0" type="stmt"/>
        <line num="19" count="0" type="stmt"/>
      </file>
      <file name="reportWebVitals.ts" path="/home/runner/work/code-coverage-analysis/code-coverage-analysis/src/reportWebVitals.ts">
        <metrics statements="8" coveredstatements="0" conditionals="4" coveredconditionals="0" methods="2" coveredmethods="0"/>
        <line num="3" count="0" type="stmt"/>
        <line num="4" count="0" type="cond" truecount="0" falsecount="4"/>
        <line num="5" count="0" type="stmt"/>
        <line num="6" count="0" type="stmt"/>
        <line num="7" count="0" type="stmt"/>
        <line num="8" count="0" type="stmt"/>
        <line num="9" count="0" type="stmt"/>
        <line num="10" count="0" type="stmt"/>
      </file>
    </package>
    <package name="src.components">
      <metrics statements="41" coveredstatements="31" conditionals="12" coveredconditionals="10" methods="19" coveredmethods="10"/>
      <file name="About.tsx" path="/home/runner/work/code-coverage-analysis/code-coverage-analysis/src/components/About.tsx">
        <metrics statements="15" coveredstatements="12" conditionals="4" coveredconditionals="3" methods="6" coveredmethods="4"/>
        <line num="19" count="2" type="stmt"/>
        <line num="20" count="11" type="stmt"/>
        <line num="23" count="11" type="stmt"/>
        <line num="33" count="11" type="stmt"/>
        <line num="40" count="11" type="stmt"/>
        <line num="41" count="0" type="stmt"/>
        <line num="44" count="11" type="stmt"/>
        <line num="45" count="0" type="stmt"/>
        <line num="48" count="11" type="stmt"/>
        <line num="49" count="66" type="cond" truecount="2" falsecount="0"/>
        <line num="50" count="33" type="cond" truecount="1" falsecount="1"/>
        <line num="51" count="0" type="stmt"/>
        <line num="54" count="11" type="stmt"/>
        <line num="72" count="44" type="stmt"/>
        <line num="85" count="66" type="stmt"/>
      </file>
      <file name="Home.tsx" path="/home/runner/work/code-coverage-analysis/code-coverage-analysis/src/components/Home.tsx">
        <metrics statements="9" coveredstatements="7" conditionals="0" coveredconditionals="0" methods="4" coveredmethods="2"/>
        <line num="11" count="2" type="stmt"/>
        <line num="12" count="9" type="stmt"/>
        <line num="15" count="9" type="stmt"/>
        <line num="22" count="9" type="stmt"/>
        <line num="23" count="0" type="stmt"/>
        <line num="26" count="9" type="stmt"/>
        <line num="27" count="0" type="stmt"/>
        <line num="30" count="9" type="stmt"/>
        <line num="48" count="36" type="stmt"/>
      </file>
      <file name="Products.tsx" path="/home/runner/work/code-coverage-analysis/code-coverage-analysis/src/components/Products.tsx">
        <metrics statements="17" coveredstatements="12" conditionals="8" coveredconditionals="7" methods="9" coveredmethods="4"/>
        <line num="12" count="2" type="stmt"/>
        <line num="13" count="11" type="stmt"/>
        <line num="14" count="11" type="stmt"/>
        <line num="17" count="11" type="stmt"/>
        <line num="28" count="11" type="stmt"/>
        <line num="29" count="0" type="stmt"/>
        <line num="32" count="11" type="stmt"/>
        <line num="33" count="0" type="stmt"/>
        <line num="36" count="11" type="stmt"/>
        <line num="37" count="0" type="stmt"/>
        <line num="40" count="11" type="cond" truecount="1" falsecount="1"/>
        <line num="42" count="0" type="stmt"/>
        <line num="44" count="88" type="stmt"/>
        <line num="46" count="11" type="stmt"/>
        <line num="64" count="44" type="stmt"/>
        <line num="66" count="0" type="stmt"/>
        <line num="77" count="88" type="cond" truecount="2" falsecount="0"/>
      </file>
    </package>
  </project>
</coverage>
