{"/home/runner/work/code-coverage-analysis/code-coverage-analysis/src/App.tsx": {"path":"/home/runner/work/code-coverage-analysis/code-coverage-analysis/src/App.tsx","statementMap":{"0":{"start":{"line":9,"column":2},"end":{"line":19,"column":4}}},"fnMap":{"0":{"name":"App","decl":{"start":{"line":8,"column":9},"end":{"line":8,"column":12}},"loc":{"start":{"line":8,"column":15},"end":{"line":20,"column":1}},"line":8}},"branchMap":{},"s":{"0":5},"f":{"0":5},"b":{},"_coverageSchema":"1a1c01bbd47fc00a2c39e90264f33305004495a9","hash":"e6364aa4db1172fe844444a4cb9f491a3374fff2"}
,"/home/runner/work/code-coverage-analysis/code-coverage-analysis/src/index.tsx": {"path":"/home/runner/work/code-coverage-analysis/code-coverage-analysis/src/index.tsx","statementMap":{"0":{"start":{"line":7,"column":13},"end":{"line":9,"column":1}},"1":{"start":{"line":10,"column":0},"end":{"line":14,"column":2}},"2":{"start":{"line":19,"column":0},"end":{"line":19,"column":18}}},"fnMap":{},"branchMap":{},"s":{"0":0,"1":0,"2":0},"f":{},"b":{}}
,"/home/runner/work/code-coverage-analysis/code-coverage-analysis/src/reportWebVitals.ts": {"path":"/home/runner/work/code-coverage-analysis/code-coverage-analysis/src/reportWebVitals.ts","statementMap":{"0":{"start":{"line":3,"column":24},"end":{"line":13,"column":1}},"1":{"start":{"line":4,"column":2},"end":{"line":12,"column":3}},"2":{"start":{"line":5,"column":4},"end":{"line":11,"column":7}},"3":{"start":{"line":6,"column":6},"end":{"line":6,"column":26}},"4":{"start":{"line":7,"column":6},"end":{"line":7,"column":26}},"5":{"start":{"line":8,"column":6},"end":{"line":8,"column":26}},"6":{"start":{"line":9,"column":6},"end":{"line":9,"column":26}},"7":{"start":{"line":10,"column":6},"end":{"line":10,"column":27}}},"fnMap":{"0":{"name":"(anonymous_0)","decl":{"start":{"line":3,"column":24},"end":{"line":3,"column":25}},"loc":{"start":{"line":3,"column":57},"end":{"line":13,"column":1}},"line":3},"1":{"name":"(anonymous_1)","decl":{"start":{"line":5,"column":30},"end":{"line":5,"column":31}},"loc":{"start":{"line":5,"column":79},"end":{"line":11,"column":5}},"line":5}},"branchMap":{"0":{"loc":{"start":{"line":4,"column":2},"end":{"line":12,"column":3}},"type":"if","locations":[{"start":{"line":4,"column":2},"end":{"line":12,"column":3}},{"start":{},"end":{}}],"line":4},"1":{"loc":{"start":{"line":4,"column":6},"end":{"line":4,"column":52}},"type":"binary-expr","locations":[{"start":{"line":4,"column":6},"end":{"line":4,"column":17}},{"start":{"line":4,"column":21},"end":{"line":4,"column":52}}],"line":4}},"s":{"0":0,"1":0,"2":0,"3":0,"4":0,"5":0,"6":0,"7":0},"f":{"0":0,"1":0},"b":{"0":[0,0],"1":[0,0]}}
,"/home/runner/work/code-coverage-analysis/code-coverage-analysis/src/components/About.tsx": {"path":"/home/runner/work/code-coverage-analysis/code-coverage-analysis/src/components/About.tsx","statementMap":{"0":{"start":{"line":19,"column":24},"end":{"line":107,"column":1}},"1":{"start":{"line":20,"column":19},"end":{"line":20,"column":32}},"2":{"start":{"line":23,"column":36},"end":{"line":30,"column":3}},"3":{"start":{"line":33,"column":38},"end":{"line":38,"column":3}},"4":{"start":{"line":40,"column":31},"end":{"line":42,"column":3}},"5":{"start":{"line":41,"column":4},"end":{"line":41,"column":18}},"6":{"start":{"line":44,"column":35},"end":{"line":46,"column":3}},"7":{"start":{"line":45,"column":4},"end":{"line":45,"column":26}},"8":{"start":{"line":48,"column":29},"end":{"line":52,"column":3}},"9":{"start":{"line":49,"column":4},"end":{"line":49,"column":37}},"10":{"start":{"line":49,"column":21},"end":{"line":49,"column":37}},"11":{"start":{"line":50,"column":4},"end":{"line":50,"column":39}},"12":{"start":{"line":50,"column":20},"end":{"line":50,"column":39}},"13":{"start":{"line":51,"column":4},"end":{"line":51,"column":20}},"14":{"start":{"line":54,"column":2},"end":{"line":106,"column":4}},"15":{"start":{"line":72,"column":12},"end":{"line":76,"column":18}},"16":{"start":{"line":85,"column":12},"end":{"line":92,"column":18}}},"fnMap":{"0":{"name":"(anonymous_0)","decl":{"start":{"line":19,"column":24},"end":{"line":19,"column":25}},"loc":{"start":{"line":19,"column":30},"end":{"line":107,"column":1}},"line":19},"1":{"name":"(anonymous_1)","decl":{"start":{"line":40,"column":31},"end":{"line":40,"column":32}},"loc":{"start":{"line":40,"column":37},"end":{"line":42,"column":3}},"line":40},"2":{"name":"(anonymous_2)","decl":{"start":{"line":44,"column":35},"end":{"line":44,"column":36}},"loc":{"start":{"line":44,"column":41},"end":{"line":46,"column":3}},"line":44},"3":{"name":"(anonymous_3)","decl":{"start":{"line":48,"column":29},"end":{"line":48,"column":30}},"loc":{"start":{"line":48,"column":56},"end":{"line":52,"column":3}},"line":48},"4":{"name":"(anonymous_4)","decl":{"start":{"line":71,"column":28},"end":{"line":71,"column":29}},"loc":{"start":{"line":72,"column":12},"end":{"line":76,"column":18}},"line":72},"5":{"name":"(anonymous_5)","decl":{"start":{"line":84,"column":27},"end":{"line":84,"column":28}},"loc":{"start":{"line":85,"column":12},"end":{"line":92,"column":18}},"line":85}},"branchMap":{"0":{"loc":{"start":{"line":49,"column":4},"end":{"line":49,"column":37}},"type":"if","locations":[{"start":{"line":49,"column":4},"end":{"line":49,"column":37}},{"start":{},"end":{}}],"line":49},"1":{"loc":{"start":{"line":50,"column":4},"end":{"line":50,"column":39}},"type":"if","locations":[{"start":{"line":50,"column":4},"end":{"line":50,"column":39}},{"start":{},"end":{}}],"line":50}},"s":{"0":2,"1":11,"2":11,"3":11,"4":11,"5":0,"6":11,"7":0,"8":11,"9":66,"10":33,"11":33,"12":33,"13":0,"14":11,"15":44,"16":66},"f":{"0":11,"1":0,"2":0,"3":66,"4":44,"5":66},"b":{"0":[33,33],"1":[33,0]},"_coverageSchema":"1a1c01bbd47fc00a2c39e90264f33305004495a9","hash":"151aab8e1beb3bd2c513db97e4db0212a0184fe3"}
,"/home/runner/work/code-coverage-analysis/code-coverage-analysis/src/components/Home.tsx": {"path":"/home/runner/work/code-coverage-analysis/code-coverage-analysis/src/components/Home.tsx","statementMap":{"0":{"start":{"line":11,"column":23},"end":{"line":58,"column":1}},"1":{"start":{"line":12,"column":19},"end":{"line":12,"column":32}},"2":{"start":{"line":15,"column":24},"end":{"line":20,"column":3}},"3":{"start":{"line":22,"column":35},"end":{"line":24,"column":3}},"4":{"start":{"line":23,"column":4},"end":{"line":23,"column":26}},"5":{"start":{"line":26,"column":32},"end":{"line":28,"column":3}},"6":{"start":{"line":27,"column":4},"end":{"line":27,"column":23}},"7":{"start":{"line":30,"column":2},"end":{"line":57,"column":4}},"8":{"start":{"line":48,"column":12},"end":{"line":52,"column":18}}},"fnMap":{"0":{"name":"(anonymous_0)","decl":{"start":{"line":11,"column":23},"end":{"line":11,"column":24}},"loc":{"start":{"line":11,"column":29},"end":{"line":58,"column":1}},"line":11},"1":{"name":"(anonymous_1)","decl":{"start":{"line":22,"column":35},"end":{"line":22,"column":36}},"loc":{"start":{"line":22,"column":41},"end":{"line":24,"column":3}},"line":22},"2":{"name":"(anonymous_2)","decl":{"start":{"line":26,"column":32},"end":{"line":26,"column":33}},"loc":{"start":{"line":26,"column":38},"end":{"line":28,"column":3}},"line":26},"3":{"name":"(anonymous_3)","decl":{"start":{"line":47,"column":21},"end":{"line":47,"column":22}},"loc":{"start":{"line":48,"column":12},"end":{"line":52,"column":18}},"line":48}},"branchMap":{},"s":{"0":2,"1":9,"2":9,"3":9,"4":0,"5":9,"6":0,"7":9,"8":36},"f":{"0":9,"1":0,"2":0,"3":36},"b":{},"_coverageSchema":"1a1c01bbd47fc00a2c39e90264f33305004495a9","hash":"4e5599a75e88178fcd92af7f32262345b34978f7"}
,"/home/runner/work/code-coverage-analysis/code-coverage-analysis/src/components/Products.tsx": {"path":"/home/runner/work/code-coverage-analysis/code-coverage-analysis/src/components/Products.tsx","statementMap":{"0":{"start":{"line":12,"column":27},"end":{"line":87,"column":1}},"1":{"start":{"line":13,"column":19},"end":{"line":13,"column":32}},"2":{"start":{"line":14,"column":50},"end":{"line":14,"column":73}},"3":{"start":{"line":17,"column":30},"end":{"line":26,"column":3}},"4":{"start":{"line":28,"column":31},"end":{"line":30,"column":3}},"5":{"start":{"line":29,"column":4},"end":{"line":29,"column":18}},"6":{"start":{"line":32,"column":32},"end":{"line":34,"column":3}},"7":{"start":{"line":33,"column":4},"end":{"line":33,"column":23}},"8":{"start":{"line":36,"column":31},"end":{"line":38,"column":3}},"9":{"start":{"line":37,"column":4},"end":{"line":37,"column":34}},"10":{"start":{"line":40,"column":27},"end":{"line":42,"column":71}},"11":{"start":{"line":42,"column":33},"end":{"line":42,"column":70}},"12":{"start":{"line":44,"column":21},"end":{"line":44,"column":83}},"13":{"start":{"line":44,"column":69},"end":{"line":44,"column":79}},"14":{"start":{"line":46,"column":2},"end":{"line":86,"column":4}},"15":{"start":{"line":64,"column":12},"end":{"line":70,"column":21}},"16":{"start":{"line":66,"column":29},"end":{"line":66,"column":59}},"17":{"start":{"line":77,"column":10},"end":{"line":82,"column":16}}},"fnMap":{"0":{"name":"(anonymous_0)","decl":{"start":{"line":12,"column":27},"end":{"line":12,"column":28}},"loc":{"start":{"line":12,"column":33},"end":{"line":87,"column":1}},"line":12},"1":{"name":"(anonymous_1)","decl":{"start":{"line":28,"column":31},"end":{"line":28,"column":32}},"loc":{"start":{"line":28,"column":37},"end":{"line":30,"column":3}},"line":28},"2":{"name":"(anonymous_2)","decl":{"start":{"line":32,"column":32},"end":{"line":32,"column":33}},"loc":{"start":{"line":32,"column":38},"end":{"line":34,"column":3}},"line":32},"3":{"name":"(anonymous_3)","decl":{"start":{"line":36,"column":31},"end":{"line":36,"column":32}},"loc":{"start":{"line":36,"column":53},"end":{"line":38,"column":3}},"line":36},"4":{"name":"(anonymous_4)","decl":{"start":{"line":42,"column":22},"end":{"line":42,"column":23}},"loc":{"start":{"line":42,"column":33},"end":{"line":42,"column":70}},"line":42},"5":{"name":"(anonymous_5)","decl":{"start":{"line":44,"column":64},"end":{"line":44,"column":65}},"loc":{"start":{"line":44,"column":69},"end":{"line":44,"column":79}},"line":44},"6":{"name":"(anonymous_6)","decl":{"start":{"line":63,"column":26},"end":{"line":63,"column":27}},"loc":{"start":{"line":64,"column":12},"end":{"line":70,"column":21}},"line":64},"7":{"name":"(anonymous_7)","decl":{"start":{"line":66,"column":23},"end":{"line":66,"column":24}},"loc":{"start":{"line":66,"column":29},"end":{"line":66,"column":59}},"line":66},"8":{"name":"(anonymous_8)","decl":{"start":{"line":76,"column":30},"end":{"line":76,"column":31}},"loc":{"start":{"line":77,"column":10},"end":{"line":82,"column":16}},"line":77}},"branchMap":{"0":{"loc":{"start":{"line":40,"column":27},"end":{"line":42,"column":71}},"type":"cond-expr","locations":[{"start":{"line":41,"column":6},"end":{"line":41,"column":14}},{"start":{"line":42,"column":6},"end":{"line":42,"column":71}}],"line":40},"1":{"loc":{"start":{"line":67,"column":44},"end":{"line":67,"column":89}},"type":"cond-expr","locations":[{"start":{"line":67,"column":76},"end":{"line":67,"column":84}},{"start":{"line":67,"column":87},"end":{"line":67,"column":89}}],"line":67},"2":{"loc":{"start":{"line":77,"column":59},"end":{"line":77,"column":97}},"type":"cond-expr","locations":[{"start":{"line":77,"column":78},"end":{"line":77,"column":92}},{"start":{"line":77,"column":95},"end":{"line":77,"column":97}}],"line":77},"3":{"loc":{"start":{"line":81,"column":24},"end":{"line":81,"column":69}},"type":"cond-expr","locations":[{"start":{"line":81,"column":42},"end":{"line":81,"column":52}},{"start":{"line":81,"column":55},"end":{"line":81,"column":69}}],"line":81}},"s":{"0":2,"1":11,"2":11,"3":11,"4":11,"5":0,"6":11,"7":0,"8":11,"9":0,"10":11,"11":0,"12":11,"13":88,"14":11,"15":44,"16":0,"17":88},"f":{"0":11,"1":0,"2":0,"3":0,"4":0,"5":88,"6":44,"7":0,"8":88},"b":{"0":[11,0],"1":[11,33],"2":[22,66],"3":[66,22]},"_coverageSchema":"1a1c01bbd47fc00a2c39e90264f33305004495a9","hash":"ed07e7102818f752748317306711012b01d47e8e"}
}
