{"C:\\Users\\SwatantraMukherjee\\github\\code-coverage-analysis\\src\\reportWebVitals.ts": {"path":"C:\\Users\\SwatantraMukherjee\\github\\code-coverage-analysis\\src\\reportWebVitals.ts","statementMap":{"0":{"start":{"line":3,"column":24},"end":{"line":13,"column":1}},"1":{"start":{"line":4,"column":2},"end":{"line":12,"column":3}},"2":{"start":{"line":5,"column":4},"end":{"line":11,"column":7}},"3":{"start":{"line":6,"column":6},"end":{"line":6,"column":26}},"4":{"start":{"line":7,"column":6},"end":{"line":7,"column":26}},"5":{"start":{"line":8,"column":6},"end":{"line":8,"column":26}},"6":{"start":{"line":9,"column":6},"end":{"line":9,"column":26}},"7":{"start":{"line":10,"column":6},"end":{"line":10,"column":27}}},"fnMap":{"0":{"name":"(anonymous_0)","decl":{"start":{"line":3,"column":24},"end":{"line":3,"column":25}},"loc":{"start":{"line":3,"column":57},"end":{"line":13,"column":1}},"line":3},"1":{"name":"(anonymous_1)","decl":{"start":{"line":5,"column":30},"end":{"line":5,"column":31}},"loc":{"start":{"line":5,"column":79},"end":{"line":11,"column":5}},"line":5}},"branchMap":{"0":{"loc":{"start":{"line":4,"column":2},"end":{"line":12,"column":3}},"type":"if","locations":[{"start":{"line":4,"column":2},"end":{"line":12,"column":3}},{"start":{},"end":{}}],"line":4},"1":{"loc":{"start":{"line":4,"column":6},"end":{"line":4,"column":52}},"type":"binary-expr","locations":[{"start":{"line":4,"column":6},"end":{"line":4,"column":17}},{"start":{"line":4,"column":21},"end":{"line":4,"column":52}}],"line":4}},"s":{"0":1,"1":3,"2":0,"3":0,"4":0,"5":0,"6":0,"7":0},"f":{"0":3,"1":0},"b":{"0":[0,3],"1":[3,1]},"_coverageSchema":"1a1c01bbd47fc00a2c39e90264f33305004495a9","hash":"1573aa4b2e52d13ca9ec84ec7f50c57f5c56846b"}
,"C:\\Users\\SwatantraMukherjee\\github\\code-coverage-analysis\\src\\components\\About.tsx": {"path":"C:\\Users\\SwatantraMukherjee\\github\\code-coverage-analysis\\src\\components\\About.tsx","statementMap":{"0":{"start":{"line":19,"column":24},"end":{"line":107,"column":1}},"1":{"start":{"line":20,"column":19},"end":{"line":20,"column":32}},"2":{"start":{"line":23,"column":36},"end":{"line":30,"column":3}},"3":{"start":{"line":33,"column":38},"end":{"line":38,"column":3}},"4":{"start":{"line":40,"column":31},"end":{"line":42,"column":3}},"5":{"start":{"line":41,"column":4},"end":{"line":41,"column":18}},"6":{"start":{"line":44,"column":35},"end":{"line":46,"column":3}},"7":{"start":{"line":45,"column":4},"end":{"line":45,"column":26}},"8":{"start":{"line":48,"column":29},"end":{"line":52,"column":3}},"9":{"start":{"line":49,"column":4},"end":{"line":49,"column":37}},"10":{"start":{"line":49,"column":21},"end":{"line":49,"column":37}},"11":{"start":{"line":50,"column":4},"end":{"line":50,"column":39}},"12":{"start":{"line":50,"column":20},"end":{"line":50,"column":39}},"13":{"start":{"line":51,"column":4},"end":{"line":51,"column":20}},"14":{"start":{"line":54,"column":2},"end":{"line":106,"column":4}},"15":{"start":{"line":72,"column":12},"end":{"line":76,"column":18}},"16":{"start":{"line":85,"column":12},"end":{"line":92,"column":18}}},"fnMap":{"0":{"name":"(anonymous_0)","decl":{"start":{"line":19,"column":24},"end":{"line":19,"column":25}},"loc":{"start":{"line":19,"column":30},"end":{"line":107,"column":1}},"line":19},"1":{"name":"(anonymous_1)","decl":{"start":{"line":40,"column":31},"end":{"line":40,"column":32}},"loc":{"start":{"line":40,"column":37},"end":{"line":42,"column":3}},"line":40},"2":{"name":"(anonymous_2)","decl":{"start":{"line":44,"column":35},"end":{"line":44,"column":36}},"loc":{"start":{"line":44,"column":41},"end":{"line":46,"column":3}},"line":44},"3":{"name":"(anonymous_3)","decl":{"start":{"line":48,"column":29},"end":{"line":48,"column":30}},"loc":{"start":{"line":48,"column":56},"end":{"line":52,"column":3}},"line":48},"4":{"name":"(anonymous_4)","decl":{"start":{"line":71,"column":28},"end":{"line":71,"column":29}},"loc":{"start":{"line":72,"column":12},"end":{"line":76,"column":18}},"line":72},"5":{"name":"(anonymous_5)","decl":{"start":{"line":84,"column":27},"end":{"line":84,"column":28}},"loc":{"start":{"line":85,"column":12},"end":{"line":92,"column":18}},"line":85}},"branchMap":{"0":{"loc":{"start":{"line":49,"column":4},"end":{"line":49,"column":37}},"type":"if","locations":[{"start":{"line":49,"column":4},"end":{"line":49,"column":37}},{"start":{},"end":{}}],"line":49},"1":{"loc":{"start":{"line":50,"column":4},"end":{"line":50,"column":39}},"type":"if","locations":[{"start":{"line":50,"column":4},"end":{"line":50,"column":39}},{"start":{},"end":{}}],"line":50}},"s":{"0":2,"1":12,"2":12,"3":12,"4":12,"5":0,"6":12,"7":0,"8":12,"9":72,"10":36,"11":36,"12":36,"13":0,"14":12,"15":48,"16":72},"f":{"0":12,"1":0,"2":0,"3":72,"4":48,"5":72},"b":{"0":[36,36],"1":[36,0]},"_coverageSchema":"1a1c01bbd47fc00a2c39e90264f33305004495a9","hash":"e660f18524cc4213cd16eac56e3eadb575481874"}
,"C:\\Users\\SwatantraMukherjee\\github\\code-coverage-analysis\\src\\components\\Home.tsx": {"path":"C:\\Users\\SwatantraMukherjee\\github\\code-coverage-analysis\\src\\components\\Home.tsx","statementMap":{"0":{"start":{"line":11,"column":23},"end":{"line":58,"column":1}},"1":{"start":{"line":12,"column":19},"end":{"line":12,"column":32}},"2":{"start":{"line":15,"column":24},"end":{"line":20,"column":3}},"3":{"start":{"line":22,"column":35},"end":{"line":24,"column":3}},"4":{"start":{"line":23,"column":4},"end":{"line":23,"column":26}},"5":{"start":{"line":26,"column":32},"end":{"line":28,"column":3}},"6":{"start":{"line":27,"column":4},"end":{"line":27,"column":23}},"7":{"start":{"line":30,"column":2},"end":{"line":57,"column":4}},"8":{"start":{"line":48,"column":12},"end":{"line":52,"column":18}}},"fnMap":{"0":{"name":"(anonymous_0)","decl":{"start":{"line":11,"column":23},"end":{"line":11,"column":24}},"loc":{"start":{"line":11,"column":29},"end":{"line":58,"column":1}},"line":11},"1":{"name":"(anonymous_1)","decl":{"start":{"line":22,"column":35},"end":{"line":22,"column":36}},"loc":{"start":{"line":22,"column":41},"end":{"line":24,"column":3}},"line":22},"2":{"name":"(anonymous_2)","decl":{"start":{"line":26,"column":32},"end":{"line":26,"column":33}},"loc":{"start":{"line":26,"column":38},"end":{"line":28,"column":3}},"line":26},"3":{"name":"(anonymous_3)","decl":{"start":{"line":47,"column":21},"end":{"line":47,"column":22}},"loc":{"start":{"line":48,"column":12},"end":{"line":52,"column":18}},"line":48}},"branchMap":{},"s":{"0":2,"1":15,"2":15,"3":15,"4":1,"5":15,"6":1,"7":15,"8":60},"f":{"0":15,"1":1,"2":1,"3":60},"b":{},"_coverageSchema":"1a1c01bbd47fc00a2c39e90264f33305004495a9","hash":"683e4a9449ac5b0d05b03ae89f70769d504462c4"}
}
