TN:
SF:src\reportWebVitals.ts
FN:3,(anonymous_0)
FN:5,(anonymous_1)
FNF:2
FNH:1
FNDA:3,(anonymous_0)
FNDA:0,(anonymous_1)
DA:3,1
DA:4,3
DA:5,0
DA:6,0
DA:7,0
DA:8,0
DA:9,0
DA:10,0
LF:8
LH:2
BRDA:4,0,0,0
BRDA:4,0,1,3
BRDA:4,1,0,3
BRDA:4,1,1,1
BRF:4
BRH:3
end_of_record
TN:
SF:src\components\About.tsx
FN:19,(anonymous_0)
FN:40,(anonymous_1)
FN:44,(anonymous_2)
FN:48,(anonymous_3)
FN:71,(anonymous_4)
FN:84,(anonymous_5)
FNF:6
FNH:4
FNDA:12,(anonymous_0)
FNDA:0,(anonymous_1)
FNDA:0,(anonymous_2)
FNDA:72,(anonymous_3)
FNDA:48,(anonymous_4)
FNDA:72,(anonymous_5)
DA:19,2
DA:20,12
DA:23,12
DA:33,12
DA:40,12
DA:41,0
DA:44,12
DA:45,0
DA:48,12
DA:49,72
DA:50,36
DA:51,0
DA:54,12
DA:72,48
DA:85,72
LF:15
LH:12
BRDA:49,0,0,36
BRDA:49,0,1,36
BRDA:50,1,0,36
BRDA:50,1,1,0
BRF:4
BRH:3
end_of_record
TN:
SF:src\components\Home.tsx
FN:11,(anonymous_0)
FN:22,(anonymous_1)
FN:26,(anonymous_2)
FN:47,(anonymous_3)
FNF:4
FNH:4
FNDA:15,(anonymous_0)
FNDA:1,(anonymous_1)
FNDA:1,(anonymous_2)
FNDA:60,(anonymous_3)
DA:11,2
DA:12,15
DA:15,15
DA:22,15
DA:23,1
DA:26,15
DA:27,1
DA:30,15
DA:48,60
LF:9
LH:9
BRF:0
BRH:0
end_of_record
