TN:
SF:src\App.tsx
FN:8,App
FNF:1
FNH:1
FNDA:5,App
DA:9,5
LF:1
LH:1
BRF:0
BRH:0
end_of_record
TN:
SF:src\index.tsx
FNF:0
FNH:0
DA:7,0
DA:10,0
DA:19,0
LF:3
LH:0
BRF:0
BRH:0
end_of_record
TN:
SF:src\reportWebVitals.ts
FN:3,(anonymous_0)
FN:5,(anonymous_1)
FNF:2
FNH:1
FNDA:3,(anonymous_0)
FNDA:0,(anonymous_1)
DA:3,1
DA:4,3
DA:5,0
DA:6,0
DA:7,0
DA:8,0
DA:9,0
DA:10,0
LF:8
LH:2
BRDA:4,0,0,0
BRDA:4,0,1,3
BRDA:4,1,0,3
BRDA:4,1,1,1
BRF:4
BRH:3
end_of_record
TN:
SF:src\components\About.tsx
FN:19,(anonymous_0)
FN:40,(anonymous_1)
FN:44,(anonymous_2)
FN:48,(anonymous_3)
FN:71,(anonymous_4)
FN:84,(anonymous_5)
FNF:6
FNH:4
FNDA:5,(anonymous_0)
FNDA:0,(anonymous_1)
FNDA:0,(anonymous_2)
FNDA:30,(anonymous_3)
FNDA:20,(anonymous_4)
FNDA:30,(anonymous_5)
DA:19,2
DA:20,5
DA:23,5
DA:33,5
DA:40,5
DA:41,0
DA:44,5
DA:45,0
DA:48,5
DA:49,30
DA:50,15
DA:51,0
DA:54,5
DA:72,20
DA:85,30
LF:15
LH:12
BRDA:49,0,0,15
BRDA:49,0,1,15
BRDA:50,1,0,15
BRDA:50,1,1,0
BRF:4
BRH:3
end_of_record
TN:
SF:src\components\Home.tsx
FN:11,(anonymous_0)
FN:22,(anonymous_1)
FN:26,(anonymous_2)
FN:47,(anonymous_3)
FNF:4
FNH:2
FNDA:5,(anonymous_0)
FNDA:0,(anonymous_1)
FNDA:0,(anonymous_2)
FNDA:20,(anonymous_3)
DA:11,2
DA:12,5
DA:15,5
DA:22,5
DA:23,0
DA:26,5
DA:27,0
DA:30,5
DA:48,20
LF:9
LH:7
BRF:0
BRH:0
end_of_record
TN:
SF:src\components\Products.tsx
FN:12,(anonymous_0)
FN:28,(anonymous_1)
FN:32,(anonymous_2)
FN:36,(anonymous_3)
FN:42,(anonymous_4)
FN:44,(anonymous_5)
FN:63,(anonymous_6)
FN:66,(anonymous_7)
FN:76,(anonymous_8)
FNF:9
FNH:4
FNDA:5,(anonymous_0)
FNDA:0,(anonymous_1)
FNDA:0,(anonymous_2)
FNDA:0,(anonymous_3)
FNDA:0,(anonymous_4)
FNDA:40,(anonymous_5)
FNDA:20,(anonymous_6)
FNDA:0,(anonymous_7)
FNDA:40,(anonymous_8)
DA:12,2
DA:13,5
DA:14,5
DA:17,5
DA:28,5
DA:29,0
DA:32,5
DA:33,0
DA:36,5
DA:37,0
DA:40,5
DA:42,0
DA:44,40
DA:46,5
DA:64,20
DA:66,0
DA:77,40
LF:17
LH:12
BRDA:40,0,0,5
BRDA:40,0,1,0
BRDA:67,1,0,5
BRDA:67,1,1,15
BRDA:77,2,0,10
BRDA:77,2,1,30
BRDA:81,3,0,30
BRDA:81,3,1,10
BRF:8
BRH:7
end_of_record
